2022-12-28T17:36:13.004-0500 [INFO]  Terraform version: 1.3.6
2022-12-28T17:36:13.006-0500 [DEBUG] using github.com/hashicorp/go-tfe v1.9.0
2022-12-28T17:36:13.006-0500 [DEBUG] using github.com/hashicorp/hcl/v2 v2.15.0
2022-12-28T17:36:13.006-0500 [DEBUG] using github.com/hashicorp/terraform-config-inspect v0.0.0-20210209133302-4fd17a0faac2
2022-12-28T17:36:13.006-0500 [DEBUG] using github.com/hashicorp/terraform-svchost v0.0.0-20200729002733-f050f53b9734
2022-12-28T17:36:13.006-0500 [DEBUG] using github.com/zclconf/go-cty v1.12.1
2022-12-28T17:36:13.006-0500 [INFO]  Go runtime version: go1.19.3
2022-12-28T17:36:13.006-0500 [INFO]  CLI args: []string{"terraform", "fmt"}
2022-12-28T17:36:13.008-0500 [TRACE] Stdout is a terminal of width 222
2022-12-28T17:36:13.008-0500 [TRACE] Stderr is a terminal of width 222
2022-12-28T17:36:13.008-0500 [TRACE] Stdin is a terminal
2022-12-28T17:36:13.017-0500 [DEBUG] Attempting to open CLI config file: C:\Users\adeba\AppData\Roaming\terraform.rc
2022-12-28T17:36:13.017-0500 [DEBUG] File doesn't exist, but doesn't need to. Ignoring.
2022-12-28T17:36:13.017-0500 [INFO]  Loading CLI configuration from C:\Users\adeba\AppData\Roaming\terraform.d\credentials.tfrc.json
2022-12-28T17:36:13.017-0500 [DEBUG] ignoring non-existing provider search directory terraform.d/plugins
2022-12-28T17:36:13.017-0500 [DEBUG] ignoring non-existing provider search directory C:\Users\adeba\AppData\Roaming\terraform.d\plugins
2022-12-28T17:36:13.025-0500 [DEBUG] ignoring non-existing provider search directory C:\Users\adeba\AppData\Roaming\HashiCorp\Terraform\plugins
2022-12-28T17:36:13.025-0500 [INFO]  CLI command args: []string{"fmt"}
2022-12-28T17:36:13.026-0500 [TRACE] terraform fmt: looking for files in .
2022-12-28T17:36:13.026-0500 [TRACE] terraform fmt: Formatting main.tf
2022-12-28T17:36:14.941-0500 [INFO]  Terraform version: 1.3.6
2022-12-28T17:36:14.944-0500 [DEBUG] using github.com/hashicorp/go-tfe v1.9.0
2022-12-28T17:36:14.944-0500 [DEBUG] using github.com/hashicorp/hcl/v2 v2.15.0
2022-12-28T17:36:14.944-0500 [DEBUG] using github.com/hashicorp/terraform-config-inspect v0.0.0-20210209133302-4fd17a0faac2
2022-12-28T17:36:14.944-0500 [DEBUG] using github.com/hashicorp/terraform-svchost v0.0.0-20200729002733-f050f53b9734
2022-12-28T17:36:14.944-0500 [DEBUG] using github.com/zclconf/go-cty v1.12.1
2022-12-28T17:36:14.944-0500 [INFO]  Go runtime version: go1.19.3
2022-12-28T17:36:14.944-0500 [INFO]  CLI args: []string{"terraform", "fmt"}
2022-12-28T17:36:14.946-0500 [TRACE] Stdout is a terminal of width 222
2022-12-28T17:36:14.946-0500 [TRACE] Stderr is a terminal of width 222
2022-12-28T17:36:14.946-0500 [TRACE] Stdin is a terminal
2022-12-28T17:36:14.956-0500 [DEBUG] Attempting to open CLI config file: C:\Users\adeba\AppData\Roaming\terraform.rc
2022-12-28T17:36:14.956-0500 [DEBUG] File doesn't exist, but doesn't need to. Ignoring.
2022-12-28T17:36:14.957-0500 [INFO]  Loading CLI configuration from C:\Users\adeba\AppData\Roaming\terraform.d\credentials.tfrc.json
2022-12-28T17:36:14.959-0500 [DEBUG] ignoring non-existing provider search directory terraform.d/plugins
2022-12-28T17:36:14.959-0500 [DEBUG] ignoring non-existing provider search directory C:\Users\adeba\AppData\Roaming\terraform.d\plugins
2022-12-28T17:36:14.963-0500 [DEBUG] ignoring non-existing provider search directory C:\Users\adeba\AppData\Roaming\HashiCorp\Terraform\plugins
2022-12-28T17:36:14.963-0500 [INFO]  CLI command args: []string{"fmt"}
2022-12-28T17:36:14.963-0500 [TRACE] terraform fmt: looking for files in .
2022-12-28T17:36:14.964-0500 [TRACE] terraform fmt: Formatting main.tf
